c:\users\salvador ventura\documents\visual studio 2015\projects\tarzansprite\tarzansprite\debug\vc140.pdb
c:\users\salvador ventura\documents\visual studio 2015\projects\tarzansprite\tarzansprite\debug\tiburon.obj
c:\users\salvador ventura\documents\visual studio 2015\projects\tarzansprite\tarzansprite\debug\tarzan.obj
c:\users\salvador ventura\documents\visual studio 2015\projects\tarzansprite\tarzansprite\debug\myform.obj
c:\users\salvador ventura\documents\visual studio 2015\projects\tarzansprite\tarzansprite\debug\enemigo.obj
c:\users\salvador ventura\documents\visual studio 2015\projects\tarzansprite\tarzansprite\debug\chita.obj
c:\users\salvador ventura\documents\visual studio 2015\projects\tarzansprite\tarzansprite\debug\cazador.obj
c:\users\salvador ventura\documents\visual studio 2015\projects\tarzansprite\tarzansprite\debug\arrenemigos.obj
c:\users\salvador ventura\documents\visual studio 2015\projects\tarzansprite\tarzansprite\debug\.netframework,version=v4.5.2.assemblyattributes.obj
c:\users\salvador ventura\documents\visual studio 2015\projects\tarzansprite\tarzansprite\debug\.netframework,version=v4.5.2.assemblyattributes.asm
c:\users\salvador ventura\documents\visual studio 2015\projects\tarzansprite\tarzansprite\debug\lanza.obj
c:\users\salvador ventura\documents\visual studio 2015\projects\tarzansprite\tarzansprite\debug\flecha.obj
c:\users\salvador ventura\documents\visual studio 2015\projects\tarzansprite\tarzansprite\debug\cuchillo.obj
c:\users\salvador ventura\documents\visual studio 2015\projects\tarzansprite\tarzansprite\debug\arrarmastarzan.obj
c:\users\salvador ventura\documents\visual studio 2015\projects\tarzansprite\tarzansprite\debug\armastarzan.obj
c:\users\salvador ventura\documents\visual studio 2015\projects\tarzansprite\debug\tarzansprite.exe
c:\users\salvador ventura\documents\visual studio 2015\projects\tarzansprite\debug\tarzansprite.pdb
c:\users\salvador ventura\documents\visual studio 2015\projects\tarzansprite\tarzansprite\debug\tarzansprite.myform.resources
c:\users\salvador ventura\documents\visual studio 2015\projects\tarzansprite\tarzansprite\debug\tarzansprite.vcxproj.generateresource.cache
c:\users\salvador ventura\documents\visual studio 2015\projects\tarzansprite\tarzansprite\debug\tarzansprite.vcxprojresolveassemblyreference.cache
c:\users\salvador ventura\documents\visual studio 2015\projects\tarzansprite\tarzansprite\debug\tarzansprite.tlog\cl.command.1.tlog
c:\users\salvador ventura\documents\visual studio 2015\projects\tarzansprite\tarzansprite\debug\tarzansprite.tlog\cl.read.1.tlog
c:\users\salvador ventura\documents\visual studio 2015\projects\tarzansprite\tarzansprite\debug\tarzansprite.tlog\cl.write.1.tlog
c:\users\salvador ventura\documents\visual studio 2015\projects\tarzansprite\tarzansprite\debug\tarzansprite.tlog\link.command.1.tlog
c:\users\salvador ventura\documents\visual studio 2015\projects\tarzansprite\tarzansprite\debug\tarzansprite.tlog\link.read.1.tlog
c:\users\salvador ventura\documents\visual studio 2015\projects\tarzansprite\tarzansprite\debug\tarzansprite.tlog\link.write.1.tlog
c:\users\salvador ventura\documents\visual studio 2015\projects\tarzansprite\tarzansprite\debug\tarzansprite.tlog\metagen.read.1.tlog
c:\users\salvador ventura\documents\visual studio 2015\projects\tarzansprite\tarzansprite\debug\tarzansprite.tlog\metagen.write.1.tlog
c:\users\salvador ventura\documents\visual studio 2015\projects\tarzansprite\tarzansprite\debug\tarzansprite.tlog\tarzansprite.write.1u.tlog
c:\users\salvador ventura\documents\visual studio 2015\projects\tarzansprite\tarzansprite\debug\tarzansprite.tlog\tzres.dll.bi
